<?xml version="1.0" encoding="UTF-8"?>
<testsuite xmlns:xsi="http://www.w3.org/2001/XMLSchema-instance" xsi:noNamespaceSchemaLocation="https://maven.apache.org/surefire/maven-surefire-plugin/xsd/surefire-test-report-3.0.xsd" version="3.0" name="Cucumber.TestNGTestRunner" time="8.78" tests="1" errors="0" skipped="0" failures="0">
  <properties>
    <property name="java.specification.version" value="21"/>
    <property name="webdriver.chrome.driver" value="C:\Users\vedap\.cache\selenium\chromedriver\win64\132.0.6834.159\chromedriver.exe"/>
    <property name="sun.cpu.isalist" value="amd64"/>
    <property name="sun.jnu.encoding" value="Cp1252"/>
    <property name="java.class.path" value="C:\Users\vedap\eclipse-workspace\SeleniumFrameworkDesign\target\test-classes;C:\Users\vedap\eclipse-workspace\SeleniumFrameworkDesign\target\classes;C:\Users\vedap\.m2\repository\org\junit\jupiter\junit-jupiter-api\5.11.0\junit-jupiter-api-5.11.0.jar;C:\Users\vedap\.m2\repository\org\opentest4j\opentest4j\1.3.0\opentest4j-1.3.0.jar;C:\Users\vedap\.m2\repository\org\junit\platform\junit-platform-commons\1.11.0\junit-platform-commons-1.11.0.jar;C:\Users\vedap\.m2\repository\org\apiguardian\apiguardian-api\1.1.2\apiguardian-api-1.1.2.jar;C:\Users\vedap\.m2\repository\org\junit\jupiter\junit-jupiter-params\5.11.0\junit-jupiter-params-5.11.0.jar;C:\Users\vedap\.m2\repository\org\seleniumhq\selenium\selenium-java\4.28.0\selenium-java-4.28.0.jar;C:\Users\vedap\.m2\repository\org\seleniumhq\selenium\selenium-api\4.28.0\selenium-api-4.28.0.jar;C:\Users\vedap\.m2\repository\org\jspecify\jspecify\1.0.0\jspecify-1.0.0.jar;C:\Users\vedap\.m2\repository\org\seleniumhq\selenium\selenium-chrome-driver\4.28.0\selenium-chrome-driver-4.28.0.jar;C:\Users\vedap\.m2\repository\com\google\auto\service\auto-service-annotations\1.1.1\auto-service-annotations-1.1.1.jar;C:\Users\vedap\.m2\repository\org\seleniumhq\selenium\selenium-chromium-driver\4.28.0\selenium-chromium-driver-4.28.0.jar;C:\Users\vedap\.m2\repository\org\seleniumhq\selenium\selenium-json\4.28.0\selenium-json-4.28.0.jar;C:\Users\vedap\.m2\repository\org\seleniumhq\selenium\selenium-manager\4.28.0\selenium-manager-4.28.0.jar;C:\Users\vedap\.m2\repository\org\seleniumhq\selenium\selenium-devtools-v130\4.28.0\selenium-devtools-v130-4.28.0.jar;C:\Users\vedap\.m2\repository\org\seleniumhq\selenium\selenium-devtools-v131\4.28.0\selenium-devtools-v131-4.28.0.jar;C:\Users\vedap\.m2\repository\org\seleniumhq\selenium\selenium-devtools-v132\4.28.0\selenium-devtools-v132-4.28.0.jar;C:\Users\vedap\.m2\repository\org\seleniumhq\selenium\selenium-devtools-v85\4.28.0\selenium-devtools-v85-4.28.0.jar;C:\Users\vedap\.m2\repository\org\seleniumhq\selenium\selenium-edge-driver\4.28.0\selenium-edge-driver-4.28.0.jar;C:\Users\vedap\.m2\repository\org\seleniumhq\selenium\selenium-firefox-driver\4.28.0\selenium-firefox-driver-4.28.0.jar;C:\Users\vedap\.m2\repository\org\seleniumhq\selenium\selenium-http\4.28.0\selenium-http-4.28.0.jar;C:\Users\vedap\.m2\repository\org\seleniumhq\selenium\selenium-ie-driver\4.28.0\selenium-ie-driver-4.28.0.jar;C:\Users\vedap\.m2\repository\org\seleniumhq\selenium\selenium-remote-driver\4.28.0\selenium-remote-driver-4.28.0.jar;C:\Users\vedap\.m2\repository\com\google\guava\guava\33.4.0-jre\guava-33.4.0-jre.jar;C:\Users\vedap\.m2\repository\com\google\guava\failureaccess\1.0.2\failureaccess-1.0.2.jar;C:\Users\vedap\.m2\repository\com\google\guava\listenablefuture\9999.0-empty-to-avoid-conflict-with-guava\listenablefuture-9999.0-empty-to-avoid-conflict-with-guava.jar;C:\Users\vedap\.m2\repository\com\google\code\findbugs\jsr305\3.0.2\jsr305-3.0.2.jar;C:\Users\vedap\.m2\repository\org\checkerframework\checker-qual\3.43.0\checker-qual-3.43.0.jar;C:\Users\vedap\.m2\repository\com\google\j2objc\j2objc-annotations\3.0.0\j2objc-annotations-3.0.0.jar;C:\Users\vedap\.m2\repository\io\opentelemetry\semconv\opentelemetry-semconv\1.28.0-alpha\opentelemetry-semconv-1.28.0-alpha.jar;C:\Users\vedap\.m2\repository\io\opentelemetry\opentelemetry-api\1.46.0\opentelemetry-api-1.46.0.jar;C:\Users\vedap\.m2\repository\io\opentelemetry\opentelemetry-context\1.46.0\opentelemetry-context-1.46.0.jar;C:\Users\vedap\.m2\repository\io\opentelemetry\opentelemetry-exporter-logging\1.46.0\opentelemetry-exporter-logging-1.46.0.jar;C:\Users\vedap\.m2\repository\io\opentelemetry\opentelemetry-sdk-common\1.46.0\opentelemetry-sdk-common-1.46.0.jar;C:\Users\vedap\.m2\repository\io\opentelemetry\opentelemetry-sdk-extension-autoconfigure-spi\1.46.0\opentelemetry-sdk-extension-autoconfigure-spi-1.46.0.jar;C:\Users\vedap\.m2\repository\io\opentelemetry\opentelemetry-sdk-extension-autoconfigure\1.46.0\opentelemetry-sdk-extension-autoconfigure-1.46.0.jar;C:\Users\vedap\.m2\repository\io\opentelemetry\opentelemetry-api-incubator\1.46.0-alpha\opentelemetry-api-incubator-1.46.0-alpha.jar;C:\Users\vedap\.m2\repository\io\opentelemetry\opentelemetry-sdk-trace\1.46.0\opentelemetry-sdk-trace-1.46.0.jar;C:\Users\vedap\.m2\repository\io\opentelemetry\opentelemetry-sdk\1.46.0\opentelemetry-sdk-1.46.0.jar;C:\Users\vedap\.m2\repository\io\opentelemetry\opentelemetry-sdk-metrics\1.46.0\opentelemetry-sdk-metrics-1.46.0.jar;C:\Users\vedap\.m2\repository\io\opentelemetry\opentelemetry-sdk-logs\1.46.0\opentelemetry-sdk-logs-1.46.0.jar;C:\Users\vedap\.m2\repository\net\bytebuddy\byte-buddy\1.15.11\byte-buddy-1.15.11.jar;C:\Users\vedap\.m2\repository\org\seleniumhq\selenium\selenium-os\4.28.0\selenium-os-4.28.0.jar;C:\Users\vedap\.m2\repository\org\apache\commons\commons-exec\1.4.0\commons-exec-1.4.0.jar;C:\Users\vedap\.m2\repository\org\seleniumhq\selenium\selenium-safari-driver\4.28.0\selenium-safari-driver-4.28.0.jar;C:\Users\vedap\.m2\repository\org\seleniumhq\selenium\selenium-support\4.28.0\selenium-support-4.28.0.jar;C:\Users\vedap\.m2\repository\org\testng\testng\7.10.2\testng-7.10.2.jar;C:\Users\vedap\.m2\repository\org\slf4j\slf4j-api\1.7.36\slf4j-api-1.7.36.jar;C:\Users\vedap\.m2\repository\com\beust\jcommander\1.82\jcommander-1.82.jar;C:\Users\vedap\.m2\repository\org\webjars\jquery\3.7.1\jquery-3.7.1.jar;C:\Users\vedap\.m2\repository\io\github\bonigarcia\webdrivermanager\5.9.2\webdrivermanager-5.9.2.jar;C:\Users\vedap\.m2\repository\com\google\code\gson\gson\2.11.0\gson-2.11.0.jar;C:\Users\vedap\.m2\repository\com\google\errorprone\error_prone_annotations\2.27.0\error_prone_annotations-2.27.0.jar;C:\Users\vedap\.m2\repository\com\github\docker-java\docker-java\3.4.0\docker-java-3.4.0.jar;C:\Users\vedap\.m2\repository\com\github\docker-java\docker-java-core\3.4.0\docker-java-core-3.4.0.jar;C:\Users\vedap\.m2\repository\com\github\docker-java\docker-java-api\3.4.0\docker-java-api-3.4.0.jar;C:\Users\vedap\.m2\repository\org\slf4j\jcl-over-slf4j\1.7.30\jcl-over-slf4j-1.7.30.jar;C:\Users\vedap\.m2\repository\com\github\docker-java\docker-java-transport-httpclient5\3.4.0\docker-java-transport-httpclient5-3.4.0.jar;C:\Users\vedap\.m2\repository\com\github\docker-java\docker-java-transport\3.4.0\docker-java-transport-3.4.0.jar;C:\Users\vedap\.m2\repository\net\java\dev\jna\jna\5.13.0\jna-5.13.0.jar;C:\Users\vedap\.m2\repository\org\brotli\dec\0.1.2\dec-0.1.2.jar;C:\Users\vedap\.m2\repository\org\apache\commons\commons-lang3\3.15.0\commons-lang3-3.15.0.jar;C:\Users\vedap\.m2\repository\org\apache\commons\commons-compress\1.26.2\commons-compress-1.26.2.jar;C:\Users\vedap\.m2\repository\commons-codec\commons-codec\1.17.0\commons-codec-1.17.0.jar;C:\Users\vedap\.m2\repository\commons-io\commons-io\2.16.1\commons-io-2.16.1.jar;C:\Users\vedap\.m2\repository\org\apache\httpcomponents\client5\httpclient5\5.2.1\httpclient5-5.2.1.jar;C:\Users\vedap\.m2\repository\org\apache\httpcomponents\core5\httpcore5\5.2\httpcore5-5.2.jar;C:\Users\vedap\.m2\repository\org\apache\httpcomponents\core5\httpcore5-h2\5.2\httpcore5-h2-5.2.jar;C:\Users\vedap\.m2\repository\com\fasterxml\jackson\core\jackson-databind\2.18.2\jackson-databind-2.18.2.jar;C:\Users\vedap\.m2\repository\com\fasterxml\jackson\core\jackson-annotations\2.18.2\jackson-annotations-2.18.2.jar;C:\Users\vedap\.m2\repository\com\fasterxml\jackson\core\jackson-core\2.18.2\jackson-core-2.18.2.jar;C:\Users\vedap\.m2\repository\com\aventstack\extentreports\5.1.2\extentreports-5.1.2.jar;C:\Users\vedap\.m2\repository\io\reactivex\rxjava3\rxjava\3.1.6\rxjava-3.1.6.jar;C:\Users\vedap\.m2\repository\org\reactivestreams\reactive-streams\1.0.4\reactive-streams-1.0.4.jar;C:\Users\vedap\.m2\repository\org\freemarker\freemarker\2.3.32\freemarker-2.3.32.jar;C:\Users\vedap\.m2\repository\org\projectlombok\lombok\1.18.26\lombok-1.18.26.jar;C:\Users\vedap\.m2\repository\io\cucumber\cucumber-java\7.20.1\cucumber-java-7.20.1.jar;C:\Users\vedap\.m2\repository\io\cucumber\cucumber-core\7.20.1\cucumber-core-7.20.1.jar;C:\Users\vedap\.m2\repository\io\cucumber\cucumber-gherkin\7.20.1\cucumber-gherkin-7.20.1.jar;C:\Users\vedap\.m2\repository\io\cucumber\cucumber-gherkin-messages\7.20.1\cucumber-gherkin-messages-7.20.1.jar;C:\Users\vedap\.m2\repository\io\cucumber\gherkin\28.0.0\gherkin-28.0.0.jar;C:\Users\vedap\.m2\repository\io\cucumber\messages\24.1.0\messages-24.1.0.jar;C:\Users\vedap\.m2\repository\io\cucumber\testng-xml-formatter\0.2.0\testng-xml-formatter-0.2.0.jar;C:\Users\vedap\.m2\repository\io\cucumber\query\12.2.0\query-12.2.0.jar;C:\Users\vedap\.m2\repository\io\cucumber\tag-expressions\6.1.0\tag-expressions-6.1.0.jar;C:\Users\vedap\.m2\repository\io\cucumber\cucumber-expressions\17.1.0\cucumber-expressions-17.1.0.jar;C:\Users\vedap\.m2\repository\io\cucumber\datatable\7.20.1\datatable-7.20.1.jar;C:\Users\vedap\.m2\repository\io\cucumber\cucumber-plugin\7.20.1\cucumber-plugin-7.20.1.jar;C:\Users\vedap\.m2\repository\io\cucumber\docstring\7.20.1\docstring-7.20.1.jar;C:\Users\vedap\.m2\repository\io\cucumber\html-formatter\21.7.0\html-formatter-21.7.0.jar;C:\Users\vedap\.m2\repository\io\cucumber\junit-xml-formatter\0.5.0\junit-xml-formatter-0.5.0.jar;C:\Users\vedap\.m2\repository\io\cucumber\ci-environment\10.0.1\ci-environment-10.0.1.jar;C:\Users\vedap\.m2\repository\io\cucumber\cucumber-testng\7.20.1\cucumber-testng-7.20.1.jar;"/>
    <property name="java.vm.vendor" value="Oracle Corporation"/>
    <property name="sun.arch.data.model" value="64"/>
    <property name="user.variant" value=""/>
    <property name="java.vendor.url" value="https://java.oracle.com/"/>
    <property name="user.timezone" value="Asia/Calcutta"/>
    <property name="os.name" value="Windows 10"/>
    <property name="java.vm.specification.version" value="21"/>
    <property name="sun.java.launcher" value="SUN_STANDARD"/>
    <property name="user.country" value="IN"/>
    <property name="sun.boot.library.path" value="C:\Program Files\Java\jdk-21\bin"/>
    <property name="sun.java.command" value="C:\Users\vedap\AppData\Local\Temp\surefire6166363489509962158\surefirebooter16189901717313368577.jar C:\Users\vedap\AppData\Local\Temp\surefire6166363489509962158 2025-01-30T23-45-50_903-jvmRun1 surefire795729240131806848tmp surefire_02692731126144478476tmp"/>
    <property name="jdk.debug" value="release"/>
    <property name="surefire.test.class.path" value="C:\Users\vedap\eclipse-workspace\SeleniumFrameworkDesign\target\test-classes;C:\Users\vedap\eclipse-workspace\SeleniumFrameworkDesign\target\classes;C:\Users\vedap\.m2\repository\org\junit\jupiter\junit-jupiter-api\5.11.0\junit-jupiter-api-5.11.0.jar;C:\Users\vedap\.m2\repository\org\opentest4j\opentest4j\1.3.0\opentest4j-1.3.0.jar;C:\Users\vedap\.m2\repository\org\junit\platform\junit-platform-commons\1.11.0\junit-platform-commons-1.11.0.jar;C:\Users\vedap\.m2\repository\org\apiguardian\apiguardian-api\1.1.2\apiguardian-api-1.1.2.jar;C:\Users\vedap\.m2\repository\org\junit\jupiter\junit-jupiter-params\5.11.0\junit-jupiter-params-5.11.0.jar;C:\Users\vedap\.m2\repository\org\seleniumhq\selenium\selenium-java\4.28.0\selenium-java-4.28.0.jar;C:\Users\vedap\.m2\repository\org\seleniumhq\selenium\selenium-api\4.28.0\selenium-api-4.28.0.jar;C:\Users\vedap\.m2\repository\org\jspecify\jspecify\1.0.0\jspecify-1.0.0.jar;C:\Users\vedap\.m2\repository\org\seleniumhq\selenium\selenium-chrome-driver\4.28.0\selenium-chrome-driver-4.28.0.jar;C:\Users\vedap\.m2\repository\com\google\auto\service\auto-service-annotations\1.1.1\auto-service-annotations-1.1.1.jar;C:\Users\vedap\.m2\repository\org\seleniumhq\selenium\selenium-chromium-driver\4.28.0\selenium-chromium-driver-4.28.0.jar;C:\Users\vedap\.m2\repository\org\seleniumhq\selenium\selenium-json\4.28.0\selenium-json-4.28.0.jar;C:\Users\vedap\.m2\repository\org\seleniumhq\selenium\selenium-manager\4.28.0\selenium-manager-4.28.0.jar;C:\Users\vedap\.m2\repository\org\seleniumhq\selenium\selenium-devtools-v130\4.28.0\selenium-devtools-v130-4.28.0.jar;C:\Users\vedap\.m2\repository\org\seleniumhq\selenium\selenium-devtools-v131\4.28.0\selenium-devtools-v131-4.28.0.jar;C:\Users\vedap\.m2\repository\org\seleniumhq\selenium\selenium-devtools-v132\4.28.0\selenium-devtools-v132-4.28.0.jar;C:\Users\vedap\.m2\repository\org\seleniumhq\selenium\selenium-devtools-v85\4.28.0\selenium-devtools-v85-4.28.0.jar;C:\Users\vedap\.m2\repository\org\seleniumhq\selenium\selenium-edge-driver\4.28.0\selenium-edge-driver-4.28.0.jar;C:\Users\vedap\.m2\repository\org\seleniumhq\selenium\selenium-firefox-driver\4.28.0\selenium-firefox-driver-4.28.0.jar;C:\Users\vedap\.m2\repository\org\seleniumhq\selenium\selenium-http\4.28.0\selenium-http-4.28.0.jar;C:\Users\vedap\.m2\repository\org\seleniumhq\selenium\selenium-ie-driver\4.28.0\selenium-ie-driver-4.28.0.jar;C:\Users\vedap\.m2\repository\org\seleniumhq\selenium\selenium-remote-driver\4.28.0\selenium-remote-driver-4.28.0.jar;C:\Users\vedap\.m2\repository\com\google\guava\guava\33.4.0-jre\guava-33.4.0-jre.jar;C:\Users\vedap\.m2\repository\com\google\guava\failureaccess\1.0.2\failureaccess-1.0.2.jar;C:\Users\vedap\.m2\repository\com\google\guava\listenablefuture\9999.0-empty-to-avoid-conflict-with-guava\listenablefuture-9999.0-empty-to-avoid-conflict-with-guava.jar;C:\Users\vedap\.m2\repository\com\google\code\findbugs\jsr305\3.0.2\jsr305-3.0.2.jar;C:\Users\vedap\.m2\repository\org\checkerframework\checker-qual\3.43.0\checker-qual-3.43.0.jar;C:\Users\vedap\.m2\repository\com\google\j2objc\j2objc-annotations\3.0.0\j2objc-annotations-3.0.0.jar;C:\Users\vedap\.m2\repository\io\opentelemetry\semconv\opentelemetry-semconv\1.28.0-alpha\opentelemetry-semconv-1.28.0-alpha.jar;C:\Users\vedap\.m2\repository\io\opentelemetry\opentelemetry-api\1.46.0\opentelemetry-api-1.46.0.jar;C:\Users\vedap\.m2\repository\io\opentelemetry\opentelemetry-context\1.46.0\opentelemetry-context-1.46.0.jar;C:\Users\vedap\.m2\repository\io\opentelemetry\opentelemetry-exporter-logging\1.46.0\opentelemetry-exporter-logging-1.46.0.jar;C:\Users\vedap\.m2\repository\io\opentelemetry\opentelemetry-sdk-common\1.46.0\opentelemetry-sdk-common-1.46.0.jar;C:\Users\vedap\.m2\repository\io\opentelemetry\opentelemetry-sdk-extension-autoconfigure-spi\1.46.0\opentelemetry-sdk-extension-autoconfigure-spi-1.46.0.jar;C:\Users\vedap\.m2\repository\io\opentelemetry\opentelemetry-sdk-extension-autoconfigure\1.46.0\opentelemetry-sdk-extension-autoconfigure-1.46.0.jar;C:\Users\vedap\.m2\repository\io\opentelemetry\opentelemetry-api-incubator\1.46.0-alpha\opentelemetry-api-incubator-1.46.0-alpha.jar;C:\Users\vedap\.m2\repository\io\opentelemetry\opentelemetry-sdk-trace\1.46.0\opentelemetry-sdk-trace-1.46.0.jar;C:\Users\vedap\.m2\repository\io\opentelemetry\opentelemetry-sdk\1.46.0\opentelemetry-sdk-1.46.0.jar;C:\Users\vedap\.m2\repository\io\opentelemetry\opentelemetry-sdk-metrics\1.46.0\opentelemetry-sdk-metrics-1.46.0.jar;C:\Users\vedap\.m2\repository\io\opentelemetry\opentelemetry-sdk-logs\1.46.0\opentelemetry-sdk-logs-1.46.0.jar;C:\Users\vedap\.m2\repository\net\bytebuddy\byte-buddy\1.15.11\byte-buddy-1.15.11.jar;C:\Users\vedap\.m2\repository\org\seleniumhq\selenium\selenium-os\4.28.0\selenium-os-4.28.0.jar;C:\Users\vedap\.m2\repository\org\apache\commons\commons-exec\1.4.0\commons-exec-1.4.0.jar;C:\Users\vedap\.m2\repository\org\seleniumhq\selenium\selenium-safari-driver\4.28.0\selenium-safari-driver-4.28.0.jar;C:\Users\vedap\.m2\repository\org\seleniumhq\selenium\selenium-support\4.28.0\selenium-support-4.28.0.jar;C:\Users\vedap\.m2\repository\org\testng\testng\7.10.2\testng-7.10.2.jar;C:\Users\vedap\.m2\repository\org\slf4j\slf4j-api\1.7.36\slf4j-api-1.7.36.jar;C:\Users\vedap\.m2\repository\com\beust\jcommander\1.82\jcommander-1.82.jar;C:\Users\vedap\.m2\repository\org\webjars\jquery\3.7.1\jquery-3.7.1.jar;C:\Users\vedap\.m2\repository\io\github\bonigarcia\webdrivermanager\5.9.2\webdrivermanager-5.9.2.jar;C:\Users\vedap\.m2\repository\com\google\code\gson\gson\2.11.0\gson-2.11.0.jar;C:\Users\vedap\.m2\repository\com\google\errorprone\error_prone_annotations\2.27.0\error_prone_annotations-2.27.0.jar;C:\Users\vedap\.m2\repository\com\github\docker-java\docker-java\3.4.0\docker-java-3.4.0.jar;C:\Users\vedap\.m2\repository\com\github\docker-java\docker-java-core\3.4.0\docker-java-core-3.4.0.jar;C:\Users\vedap\.m2\repository\com\github\docker-java\docker-java-api\3.4.0\docker-java-api-3.4.0.jar;C:\Users\vedap\.m2\repository\org\slf4j\jcl-over-slf4j\1.7.30\jcl-over-slf4j-1.7.30.jar;C:\Users\vedap\.m2\repository\com\github\docker-java\docker-java-transport-httpclient5\3.4.0\docker-java-transport-httpclient5-3.4.0.jar;C:\Users\vedap\.m2\repository\com\github\docker-java\docker-java-transport\3.4.0\docker-java-transport-3.4.0.jar;C:\Users\vedap\.m2\repository\net\java\dev\jna\jna\5.13.0\jna-5.13.0.jar;C:\Users\vedap\.m2\repository\org\brotli\dec\0.1.2\dec-0.1.2.jar;C:\Users\vedap\.m2\repository\org\apache\commons\commons-lang3\3.15.0\commons-lang3-3.15.0.jar;C:\Users\vedap\.m2\repository\org\apache\commons\commons-compress\1.26.2\commons-compress-1.26.2.jar;C:\Users\vedap\.m2\repository\commons-codec\commons-codec\1.17.0\commons-codec-1.17.0.jar;C:\Users\vedap\.m2\repository\commons-io\commons-io\2.16.1\commons-io-2.16.1.jar;C:\Users\vedap\.m2\repository\org\apache\httpcomponents\client5\httpclient5\5.2.1\httpclient5-5.2.1.jar;C:\Users\vedap\.m2\repository\org\apache\httpcomponents\core5\httpcore5\5.2\httpcore5-5.2.jar;C:\Users\vedap\.m2\repository\org\apache\httpcomponents\core5\httpcore5-h2\5.2\httpcore5-h2-5.2.jar;C:\Users\vedap\.m2\repository\com\fasterxml\jackson\core\jackson-databind\2.18.2\jackson-databind-2.18.2.jar;C:\Users\vedap\.m2\repository\com\fasterxml\jackson\core\jackson-annotations\2.18.2\jackson-annotations-2.18.2.jar;C:\Users\vedap\.m2\repository\com\fasterxml\jackson\core\jackson-core\2.18.2\jackson-core-2.18.2.jar;C:\Users\vedap\.m2\repository\com\aventstack\extentreports\5.1.2\extentreports-5.1.2.jar;C:\Users\vedap\.m2\repository\io\reactivex\rxjava3\rxjava\3.1.6\rxjava-3.1.6.jar;C:\Users\vedap\.m2\repository\org\reactivestreams\reactive-streams\1.0.4\reactive-streams-1.0.4.jar;C:\Users\vedap\.m2\repository\org\freemarker\freemarker\2.3.32\freemarker-2.3.32.jar;C:\Users\vedap\.m2\repository\org\projectlombok\lombok\1.18.26\lombok-1.18.26.jar;C:\Users\vedap\.m2\repository\io\cucumber\cucumber-java\7.20.1\cucumber-java-7.20.1.jar;C:\Users\vedap\.m2\repository\io\cucumber\cucumber-core\7.20.1\cucumber-core-7.20.1.jar;C:\Users\vedap\.m2\repository\io\cucumber\cucumber-gherkin\7.20.1\cucumber-gherkin-7.20.1.jar;C:\Users\vedap\.m2\repository\io\cucumber\cucumber-gherkin-messages\7.20.1\cucumber-gherkin-messages-7.20.1.jar;C:\Users\vedap\.m2\repository\io\cucumber\gherkin\28.0.0\gherkin-28.0.0.jar;C:\Users\vedap\.m2\repository\io\cucumber\messages\24.1.0\messages-24.1.0.jar;C:\Users\vedap\.m2\repository\io\cucumber\testng-xml-formatter\0.2.0\testng-xml-formatter-0.2.0.jar;C:\Users\vedap\.m2\repository\io\cucumber\query\12.2.0\query-12.2.0.jar;C:\Users\vedap\.m2\repository\io\cucumber\tag-expressions\6.1.0\tag-expressions-6.1.0.jar;C:\Users\vedap\.m2\repository\io\cucumber\cucumber-expressions\17.1.0\cucumber-expressions-17.1.0.jar;C:\Users\vedap\.m2\repository\io\cucumber\datatable\7.20.1\datatable-7.20.1.jar;C:\Users\vedap\.m2\repository\io\cucumber\cucumber-plugin\7.20.1\cucumber-plugin-7.20.1.jar;C:\Users\vedap\.m2\repository\io\cucumber\docstring\7.20.1\docstring-7.20.1.jar;C:\Users\vedap\.m2\repository\io\cucumber\html-formatter\21.7.0\html-formatter-21.7.0.jar;C:\Users\vedap\.m2\repository\io\cucumber\junit-xml-formatter\0.5.0\junit-xml-formatter-0.5.0.jar;C:\Users\vedap\.m2\repository\io\cucumber\ci-environment\10.0.1\ci-environment-10.0.1.jar;C:\Users\vedap\.m2\repository\io\cucumber\cucumber-testng\7.20.1\cucumber-testng-7.20.1.jar;"/>
    <property name="sun.cpu.endian" value="little"/>
    <property name="user.home" value="C:\Users\vedap"/>
    <property name="user.language" value="en"/>
    <property name="java.specification.vendor" value="Oracle Corporation"/>
    <property name="java.version.date" value="2024-01-16"/>
    <property name="java.home" value="C:\Program Files\Java\jdk-21"/>
    <property name="file.separator" value="\"/>
    <property name="basedir" value="C:\Users\vedap\eclipse-workspace\SeleniumFrameworkDesign"/>
    <property name="java.vm.compressedOopsMode" value="Zero based"/>
    <property name="line.separator" value="&#10;"/>
    <property name="java.vm.specification.vendor" value="Oracle Corporation"/>
    <property name="java.specification.name" value="Java Platform API Specification"/>
    <property name="surefire.real.class.path" value="C:\Users\vedap\AppData\Local\Temp\surefire6166363489509962158\surefirebooter16189901717313368577.jar"/>
    <property name="user.script" value=""/>
    <property name="sun.management.compiler" value="HotSpot 64-Bit Tiered Compilers"/>
    <property name="java.runtime.version" value="21.0.2+13-LTS-58"/>
    <property name="user.name" value="vedap"/>
    <property name="stdout.encoding" value="Cp1252"/>
    <property name="path.separator" value=";"/>
    <property name="os.version" value="10.0"/>
    <property name="java.runtime.name" value="Java(TM) SE Runtime Environment"/>
    <property name="file.encoding" value="UTF-8"/>
    <property name="java.vm.name" value="Java HotSpot(TM) 64-Bit Server VM"/>
    <property name="localRepository" value="C:\Users\vedap\.m2\repository"/>
    <property name="java.vendor.url.bug" value="https://bugreport.java.com/bugreport/"/>
    <property name="java.io.tmpdir" value="C:\Users\vedap\AppData\Local\Temp\"/>
    <property name="java.version" value="21.0.2"/>
    <property name="user.dir" value="C:\Users\vedap\eclipse-workspace\SeleniumFrameworkDesign"/>
    <property name="os.arch" value="amd64"/>
    <property name="java.vm.specification.name" value="Java Virtual Machine Specification"/>
    <property name="sun.os.patch.level" value=""/>
    <property name="native.encoding" value="Cp1252"/>
    <property name="java.library.path" value="C:\Program Files\Java\jdk-21\bin;C:\Windows\Sun\Java\bin;C:\Windows\system32;C:\Windows;C:\Program Files\Common Files\Oracle\Java\javapath;C:\Windows\system32;C:\Windows;C:\Windows\System32\Wbem;C:\Windows\System32\WindowsPowerShell\v1.0\;C:\Windows\System32\OpenSSH\;C:\Program Files\Java\jdk-21\bin;C:\Program Files (x86)\apache-maven-3.9.9\bin;C:\Users\vedap\AppData\Local\Microsoft\WindowsApps;;C:\Users\vedap\AppData\Local\Programs\Microsoft VS Code\bin;."/>
    <property name="java.vm.info" value="mixed mode, sharing"/>
    <property name="stderr.encoding" value="Cp1252"/>
    <property name="java.vendor" value="Oracle Corporation"/>
    <property name="java.vm.version" value="21.0.2+13-LTS-58"/>
    <property name="sun.io.unicode.encoding" value="UnicodeLittle"/>
    <property name="java.class.version" value="65.0"/>
  </properties>
  <testcase name="runScenario" classname="Cucumber.TestNGTestRunner" time="7.371"/>
</testsuite>