<?xml version="1.0" encoding="UTF-8"?>
<!-- Generated by org.testng.reporters.JUnitReportReporter -->
<testsuite hostname="DESKTOP-N572ML1" failures="0" tests="3" name="vedaprada.StandAloneTest2" time="35.299" errors="0" timestamp="2025-01-28T23:18:27 IST" skipped="0">
  <testcase classname="vedaprada.StandAloneTest2" name="orderHistoryTest" time="7.323"/>
  <testcase classname="vedaprada.StandAloneTest2" name="submitOrder" time="16.391"/>
  <testcase classname="vedaprada.StandAloneTest2" name="submitOrder" time="11.585"/>
</testsuite> <!-- vedaprada.StandAloneTest2 -->
