<?xml version="1.0" encoding="UTF-8"?>
<!-- Generated by org.testng.reporters.JUnitReportReporter -->
<testsuite hostname="DESKTOP-N572ML1" failures="0" tests="1" name="Cucumber.TestNGTestRunner" time="8.066" errors="0" timestamp="2025-01-30T23:17:22 IST" skipped="0">
  <testcase classname="Cucumber.TestNGTestRunner" name="runScenario" time="8.066"/>
</testsuite> <!-- Cucumber.TestNGTestRunner -->
