<?xml version="1.0" encoding="UTF-8"?>
<!-- Generated by org.testng.reporters.JUnitReportReporter -->
<testsuite hostname="DESKTOP-N572ML1" failures="0" tests="1" name="Cucumber.TestNGTestRunner" time="7.365" errors="0" timestamp="2025-01-30T23:46:00 IST" skipped="0">
  <testcase classname="Cucumber.TestNGTestRunner" name="runScenario" time="7.365"/>
</testsuite> <!-- Cucumber.TestNGTestRunner -->
