<?xml version="1.0" encoding="UTF-8"?>
<!-- Generated by org.testng.reporters.JUnitReportReporter -->
<testsuite hostname="DESKTOP-N572ML1" failures="0" tests="3" name="vedaprada.StandAloneTest2" time="19.906" errors="0" timestamp="2025-01-29T20:26:04 IST" skipped="0">
  <testcase classname="vedaprada.StandAloneTest2" name="orderHistoryTest" time="2.895"/>
  <testcase classname="vedaprada.StandAloneTest2" name="submitOrder" time="6.972"/>
  <testcase classname="vedaprada.StandAloneTest2" name="submitOrder" time="10.039"/>
</testsuite> <!-- vedaprada.StandAloneTest2 -->
